2025-06-22 19:21:15,723 DEBUG Horse: Создание Horse, имя Bucephalus, скорость 2.4
2025-06-22 19:21:15,738 DEBUG Horse: Создание Horse, имя Ace of Spades, скорость 2.5
2025-06-22 19:21:15,738 DEBUG Horse: Создание Horse, имя Zephyr, скорость 2.6
2025-06-22 19:21:15,738 DEBUG Horse: Создание Horse, имя Blaze, скорость 2.7
2025-06-22 19:21:15,739 DEBUG Horse: Создание Horse, имя Lobster, скорость 2.8
2025-06-22 19:21:15,739 DEBUG Horse: Создание Horse, имя Pegasus, скорость 2.9
2025-06-22 19:21:15,739 DEBUG Horse: Создание Horse, имя Cherry, скорость 3.0
2025-06-22 19:21:15,741 DEBUG Hippodrome: Создание Hippodrome, лошадей 7
2025-06-22 19:21:15,741 INFO  Main: Начало скачек. Кол-во участников: 7
2025-06-22 19:21:16,569 INFO  Main: Окончание скачек. Победитель: Pegasus
2025-06-22 19:28:26,474 DEBUG Horse     : Создание Horse, имя Bucephalus, скорость 2.4
2025-06-22 19:28:26,486 DEBUG Horse     : Создание Horse, имя Ace of Spades, скорость 2.5
2025-06-22 19:28:26,486 DEBUG Horse     : Создание Horse, имя Zephyr, скорость 2.6
2025-06-22 19:28:26,488 DEBUG Horse     : Создание Horse, имя Blaze, скорость 2.7
2025-06-22 19:28:26,489 DEBUG Horse     : Создание Horse, имя Lobster, скорость 2.8
2025-06-22 19:28:26,489 DEBUG Horse     : Создание Horse, имя Pegasus, скорость 2.9
2025-06-22 19:28:26,489 DEBUG Horse     : Создание Horse, имя Cherry, скорость 3.0
2025-06-22 19:28:26,491 DEBUG Hippodrome: Создание Hippodrome, лошадей 7
2025-06-22 19:28:26,491 INFO  Main      : Начало скачек. Кол-во участников: 7
2025-06-22 19:28:27,325 INFO  Main      : Окончание скачек. Победитель: Cherry
