2025-06-22 19:20:41,009 DEBUG Horse: Создание Horse, имя Bucephalus, скорость 2.4
2025-06-22 19:20:41,023 DEBUG Horse: Создание Horse, имя Ace of Spades, скорость 2.5
2025-06-22 19:20:41,024 DEBUG Horse: Создание Horse, имя Zephyr, скорость 2.6
2025-06-22 19:20:41,024 DEBUG Horse: Создание Horse, имя Blaze, скорость 2.7
2025-06-22 19:20:41,024 DEBUG Horse: Создание Horse, имя Lobster, скорость 2.8
2025-06-22 19:20:41,024 DEBUG Horse: Создание Horse, имя Pegasus, скорость 2.9
2025-06-22 19:20:41,024 DEBUG Horse: Создание Horse, имя Cherry, скорость 3.0
2025-06-22 19:20:41,026 DEBUG Hippodrome: Создание Hippodrome, лошадей 7
2025-06-22 19:20:41,027 INFO  Main: Начало скачек. Кол-во участников: 7
2025-06-22 19:20:41,852 INFO  Main: Окончание скачек. Победитель: Blaze
2025-06-22 19:20:56,821 DEBUG Horse: Создание Horse, имя Bucephalus, скорость 2.4
2025-06-22 19:20:56,826 DEBUG Horse: Создание Horse, имя Ace of Spades, скорость 2.5
2025-06-22 19:20:56,828 DEBUG Horse: Создание Horse, имя Zephyr, скорость 2.6
2025-06-22 19:20:56,828 DEBUG Horse: Создание Horse, имя Blaze, скорость 2.7
2025-06-22 19:20:56,828 DEBUG Horse: Создание Horse, имя Lobster, скорость 2.8
2025-06-22 19:20:56,828 DEBUG Horse: Создание Horse, имя Pegasus, скорость 2.9
2025-06-22 19:20:56,829 DEBUG Horse: Создание Horse, имя Cherry, скорость 3.0
2025-06-22 19:20:56,831 DEBUG Hippodrome: Создание Hippodrome, лошадей 7
2025-06-22 19:20:56,831 INFO  Main: Начало скачек. Кол-во участников: 7
2025-06-22 19:20:57,673 INFO  Main: Окончание скачек. Победитель: Cherry
